<?xml version="1.0" encoding="UTF-8"?>
<testng-results ignored="0" total="1" passed="1" failed="0" skipped="0">
  <reporter-output>
  </reporter-output>
  <suite started-at="2021-01-23T18:05:08Z" name="Surefire suite" finished-at="2021-01-23T18:05:16Z" duration-ms="8171">
    <groups>
    </groups>
    <test started-at="2021-01-23T18:05:08Z" name="Surefire test" finished-at="2021-01-23T18:05:16Z" duration-ms="8171">
      <class name="myauto.firsttest.BaseTest">
        <test-method is-config="true" signature="initDriver()[pri:0, instance:myauto.firsttest.BaseTest@5ba88be8]" started-at="2021-01-23T18:05:08Z" name="initDriver" finished-at="2021-01-23T18:05:11Z" duration-ms="3500" status="PASS">
          <reporter-output>
          </reporter-output>
        </test-method> <!-- initDriver -->
        <test-method signature="createFBAccount()[pri:0, instance:myauto.firsttest.BaseTest@5ba88be8]" started-at="2021-01-23T18:05:11Z" name="createFBAccount" finished-at="2021-01-23T18:05:16Z" duration-ms="4641" status="PASS">
          <reporter-output>
          </reporter-output>
        </test-method> <!-- createFBAccount -->
      </class> <!-- myauto.firsttest.BaseTest -->
    </test> <!-- Surefire test -->
  </suite> <!-- Surefire suite -->
</testng-results>
