<?xml version="1.0" encoding="UTF-8"?>
<testng-results ignored="0" total="1" passed="1" failed="0" skipped="0">
  <reporter-output>
  </reporter-output>
  <suite started-at="2021-01-25T05:42:27Z" name="Default suite" finished-at="2021-01-25T05:42:36Z" duration-ms="9874">
    <groups>
    </groups>
    <test started-at="2021-01-25T05:42:27Z" name="Default test" finished-at="2021-01-25T05:42:36Z" duration-ms="9874">
      <class name="myauto.firsttest.BaseTest">
        <test-method is-config="true" signature="initDriver()[pri:0, instance:myauto.firsttest.BaseTest@1e044120]" started-at="2021-01-25T05:42:27Z" name="initDriver" finished-at="2021-01-25T05:42:32Z" duration-ms="5203" status="PASS">
          <reporter-output>
          </reporter-output>
        </test-method> <!-- initDriver -->
        <test-method signature="createFBAccount()[pri:0, instance:myauto.firsttest.BaseTest@1e044120]" started-at="2021-01-25T05:42:32Z" name="createFBAccount" finished-at="2021-01-25T05:42:36Z" duration-ms="4634" status="PASS">
          <reporter-output>
          </reporter-output>
        </test-method> <!-- createFBAccount -->
      </class> <!-- myauto.firsttest.BaseTest -->
    </test> <!-- Default test -->
  </suite> <!-- Default suite -->
</testng-results>
